<?xml version="1.0" encoding="utf-8"?><testsuites name="pytest tests"><testsuite name="pytest" errors="0" failures="0" skipped="0" tests="15" time="8.385" timestamp="2026-07-02T18:48:51.374841+00:00" hostname="agent-env-27705287-0ddc-4ba9-be08-9a78a3c87ac4"><testcase classname="tests.test_iteration3_features.TestProfileUpdate" name="test_update_language_lists_interests_age" time="0.253" /><testcase classname="tests.test_iteration3_features.TestProfileUpdate" name="test_country_and_age_immutable_after_set" time="0.232" /><testcase classname="tests.test_iteration3_features.TestProfileUpdate" name="test_age_validation" time="0.232" /><testcase classname="tests.test_iteration3_features.TestAvatarUpload" name="test_avatar_upload_and_serve" time="0.229" /><testcase classname="tests.test_iteration3_features.TestAvatarUpload" name="test_avatar_invalid_base64" time="0.226" /><testcase classname="tests.test_iteration3_features.TestPartnerMatching" name="test_best_match_uses_learning_lists" time="2.246" /><testcase classname="tests.test_iteration3_features.TestPartnerMatching" name="test_language_filter_zh" time="0.228" /><testcase classname="tests.test_iteration3_features.TestPartnerMatching" name="test_language_filter_fr" time="0.227" /><testcase classname="tests.test_iteration3_features.TestMomentReplies" name="test_reply_to_comment_returns_reply_to_author" time="0.761" /><testcase classname="tests.test_iteration3_features.TestMomentReplies" name="test_reply_to_missing_comment_404" time="0.229" /><testcase classname="tests.test_iteration3_features.TestRoomsModeration" name="test_kick_bans_and_blocks_rejoin" time="0.685" /><testcase classname="tests.test_iteration3_features.TestRoomsModeration" name="test_non_host_cannot_kick" time="0.686" /><testcase classname="tests.test_iteration3_features.TestRoomsModeration" name="test_host_cannot_be_kicked" time="0.683" /><testcase classname="tests.test_iteration3_features.TestRoomsModeration" name="test_hand_dismiss_lowers_hand" time="0.688" /><testcase classname="tests.test_iteration3_features.TestRoomsModeration" name="test_role_change_by_host" time="0.686" /></testsuite></testsuites>