<?xml version="1.0" encoding="utf-8"?><testsuites name="pytest tests"><testsuite name="pytest" errors="0" failures="0" skipped="0" tests="16" time="7.896" timestamp="2026-07-02T19:47:48.919989+00:00" hostname="agent-env-27705287-0ddc-4ba9-be08-9a78a3c87ac4"><testcase classname="tests.test_iteration4_features.TestFollow" name="test_follow_toggle_updates_counts" time="0.486" /><testcase classname="tests.test_iteration4_features.TestFollow" name="test_follow_self_400" time="0.227" /><testcase classname="tests.test_iteration4_features.TestFollow" name="test_follow_unknown_user_404" time="0.228" /><testcase classname="tests.test_iteration4_features.TestFollow" name="test_followers_and_following_lists" time="0.685" /><testcase classname="tests.test_iteration4_features.TestGenderAndVIP" name="test_gender_immutable_once_set" time="0.228" /><testcase classname="tests.test_iteration4_features.TestGenderAndVIP" name="test_vip_upgrade_flag" time="0.229" /><testcase classname="tests.test_iteration4_features.TestGenderAndVIP" name="test_non_vip_learning_languages_truncated_to_one" time="0.227" /><testcase classname="tests.test_iteration4_features.TestGenderAndVIP" name="test_vip_can_set_three_learning_and_two_teach" time="0.228" /><testcase classname="tests.test_iteration4_features.TestPrivacy" name="test_hidden_fields_stripped_for_other_viewers" time="0.454" /><testcase classname="tests.test_iteration4_features.TestPrivacy" name="test_self_view_shows_all_fields" time="0.231" /><testcase classname="tests.test_iteration4_features.TestChatLimit" name="test_free_user_blocked_after_10_and_mutual_follow_bypasses" time="2.969" /><testcase classname="tests.test_iteration4_features.TestMomentsAndNotifications" name="test_photo_moment_creates_image_url_and_media_serves" time="0.229" /><testcase classname="tests.test_iteration4_features.TestMomentsAndNotifications" name="test_notification_on_like_and_comment_and_read" time="0.468" /><testcase classname="tests.test_iteration4_features.TestRoomsLanguages" name="test_room_create_with_two_languages_returned_in_list" time="0.233" /><testcase classname="tests.test_iteration4_features.TestRoomsLanguages" name="test_room_create_limits_to_two_languages" time="0.227" /><testcase classname="tests.test_iteration4_features.TestVisitors" name="test_visited_endpoint_returns_users_i_visited" time="0.456" /></testsuite></testsuites>